;  LST file generated by mikroListExporter - v.2.0 
; Date/Time: 4/6/2022 3:37:44 PM
;----------------------------------------------

;Address Opcode 	ASM
0x0000	0x2B31      	GOTO       817
_Interrupt:
0x0004	0x00FF      	MOVWF      R15
0x0005	0x0E03      	SWAPF      STATUS, 0
0x0006	0x0183      	CLRF       STATUS
0x0007	0x00B3      	MOVWF      ___saveSTATUS
0x0008	0x080A      	MOVF       PCLATH, 0
0x0009	0x00B2      	MOVWF      ___savePCLATH
0x000A	0x018A      	CLRF       PCLATH
0x000B	0x0870      	MOVF       R0, 0
0x000C	0x00A3      	MOVWF      35
0x000D	0x0871      	MOVF       R1, 0
0x000E	0x00A2      	MOVWF      34
0x000F	0x0872      	MOVF       R2, 0
0x0010	0x00A1      	MOVWF      33
0x0011	0x0873      	MOVF       R3, 0
0x0012	0x00A0      	MOVWF      32
;schWash_main.c,15 :: 		void Interrupt()
;schWash_main.c,18 :: 		if (TMR1IF_bit)
0x0013	0x1C0C      	BTFSS      TMR1IF_bit, BitPos(TMR1IF_bit+0)
0x0014	0x2831      	GOTO       L_Interrupt0
;schWash_main.c,20 :: 		TMR1IF_bit = 0;
0x0015	0x100C      	BCF        TMR1IF_bit, BitPos(TMR1IF_bit+0)
;schWash_main.c,21 :: 		TMR1H = 0xFCU;
0x0016	0x30FC      	MOVLW      252
0x0017	0x008F      	MOVWF      TMR1H
;schWash_main.c,22 :: 		TMR1L = 0x18U;
0x0018	0x3018      	MOVLW      24
0x0019	0x008E      	MOVWF      TMR1L
;schWash_main.c,23 :: 		PF_systemTick++;
0x001A	0x082E      	MOVF       _PF_systemTick, 0
0x001B	0x00F0      	MOVWF      R0
0x001C	0x082F      	MOVF       _PF_systemTick+1, 0
0x001D	0x00F1      	MOVWF      R0+1
0x001E	0x0830      	MOVF       _PF_systemTick+2, 0
0x001F	0x00F2      	MOVWF      R0+2
0x0020	0x0831      	MOVF       _PF_systemTick+3, 0
0x0021	0x00F3      	MOVWF      R0+3
0x0022	0x0AF0      	INCF       R0, 1
0x0023	0x1903      	BTFSC      STATUS, 2
0x0024	0x0AF1      	INCF       R0+1, 1
0x0025	0x1903      	BTFSC      STATUS, 2
0x0026	0x0AF2      	INCF       R0+2, 1
0x0027	0x1903      	BTFSC      STATUS, 2
0x0028	0x0AF3      	INCF       R0+3, 1
0x0029	0x0870      	MOVF       R0, 0
0x002A	0x00AE      	MOVWF      _PF_systemTick
0x002B	0x0871      	MOVF       R0+1, 0
0x002C	0x00AF      	MOVWF      _PF_systemTick+1
0x002D	0x0872      	MOVF       R0+2, 0
0x002E	0x00B0      	MOVWF      _PF_systemTick+2
0x002F	0x0873      	MOVF       R0+3, 0
0x0030	0x00B1      	MOVWF      _PF_systemTick+3
;schWash_main.c,24 :: 		}
L_Interrupt0:
;schWash_main.c,26 :: 		if (U_IS_SET_EXTERNAL_INTERRUPT())
0x0031	0x080B      	MOVF       INTCON, 0
0x0032	0x3902      	ANDLW      2
0x0033	0x00F0      	MOVWF      R0
0x0034	0x3000      	MOVLW      0
0x0035	0x00F1      	MOVWF      R0+1
0x0036	0x3000      	MOVLW      0
0x0037	0x00F2      	MOVWF      R0+2
0x0038	0x3000      	MOVLW      0
0x0039	0x00F3      	MOVWF      R0+3
0x003A	0x3000      	MOVLW      0
0x003B	0x05F1      	ANDWF      R0+1, 1
0x003C	0x05F2      	ANDWF      R0+2, 1
0x003D	0x05F3      	ANDWF      R0+3, 1
0x003E	0x0870      	MOVF       R0, 0
0x003F	0x0471      	IORWF      R0+1, 0
0x0040	0x0472      	IORWF      R0+2, 0
0x0041	0x0473      	IORWF      R0+3, 0
0x0042	0x1903      	BTFSC      STATUS, 2
0x0043	0x2849      	GOTO       L_Interrupt1
;schWash_main.c,28 :: 		CLEAR_BIT(U_VAN_PORT, U_VAN_PIN);
0x0044	0x30F7      	MOVLW      247
0x0045	0x0585      	ANDWF      PORTA, 1
;schWash_main.c,29 :: 		UHAL_TIMER2_ON();
0x0046	0x1512      	BSF        T2CON, 2
;schWash_main.c,30 :: 		U_CLEAR_EXTERNAL_INTERRUPT();
0x0047	0x30FD      	MOVLW      253
0x0048	0x058B      	ANDWF      INTCON, 1
;schWash_main.c,31 :: 		}
L_Interrupt1:
;schWash_main.c,32 :: 		if (UHAL_TIMER2_IS_ISR_FLAG_SET())
0x0049	0x080C      	MOVF       PIR1, 0
0x004A	0x3902      	ANDLW      2
0x004B	0x00F0      	MOVWF      R0
0x004C	0x3000      	MOVLW      0
0x004D	0x00F1      	MOVWF      R0+1
0x004E	0x3000      	MOVLW      0
0x004F	0x00F2      	MOVWF      R0+2
0x0050	0x3000      	MOVLW      0
0x0051	0x00F3      	MOVWF      R0+3
0x0052	0x3000      	MOVLW      0
0x0053	0x05F1      	ANDWF      R0+1, 1
0x0054	0x05F2      	ANDWF      R0+2, 1
0x0055	0x05F3      	ANDWF      R0+3, 1
0x0056	0x0870      	MOVF       R0, 0
0x0057	0x0471      	IORWF      R0+1, 0
0x0058	0x0472      	IORWF      R0+2, 0
0x0059	0x0473      	IORWF      R0+3, 0
0x005A	0x1903      	BTFSC      STATUS, 2
0x005B	0x2865      	GOTO       L_Interrupt2
;schWash_main.c,34 :: 		SET_BIT(U_VAN_PORT, U_VAN_PIN);
0x005C	0x1585      	BSF        PORTA, 3
;schWash_main.c,35 :: 		U_TIMER2_COMPARE_REG = timerPrBuffer;
0x005D	0x0825      	MOVF       schWash_main_timerPrBuffer, 0
0x005E	0x1683      	BSF        STATUS, 5
0x005F	0x0092      	MOVWF      PR2
;schWash_main.c,36 :: 		UHAL_TIMER2_OFF();
0x0060	0x30FB      	MOVLW      251
0x0061	0x1283      	BCF        STATUS, 5
0x0062	0x0592      	ANDWF      T2CON, 1
;schWash_main.c,37 :: 		UHAL_TIMER2_CLEAR_ISR_FLAG();
0x0063	0x30FD      	MOVLW      253
0x0064	0x058C      	ANDWF      PIR1, 1
;schWash_main.c,38 :: 		}
L_Interrupt2:
;schWash_main.c,39 :: 		}
L_end_Interrupt:
L__Interrupt22:
0x0065	0x0823      	MOVF       35, 0
0x0066	0x00F0      	MOVWF      R0
0x0067	0x0822      	MOVF       34, 0
0x0068	0x00F1      	MOVWF      R1
0x0069	0x0821      	MOVF       33, 0
0x006A	0x00F2      	MOVWF      R2
0x006B	0x0820      	MOVF       32, 0
0x006C	0x00F3      	MOVWF      R3
0x006D	0x0832      	MOVF       ___savePCLATH, 0
0x006E	0x008A      	MOVWF      PCLATH
0x006F	0x0E33      	SWAPF      ___saveSTATUS, 0
0x0070	0x0083      	MOVWF      STATUS
0x0071	0x0EFF      	SWAPF      R15, 1
0x0072	0x0E7F      	SWAPF      R15, 0
0x0073	0x0009      	RETFIE
; end of _Interrupt
_Mul_32x32_U:
;__Lib_Math.c,1775 :: 		
;__Lib_Math.c,1790 :: 		
0x0074	0x1283      	BCF        STATUS, 5
;__Lib_Math.c,1791 :: 		
0x0075	0x1303      	BCF        STATUS, 6
;__Lib_Math.c,1792 :: 		
0x0076	0x3022      	MOVLW      34
;__Lib_Math.c,1793 :: 		
0x0077	0x00FC      	MOVWF      R12
;__Lib_Math.c,1794 :: 		
0x0078	0x01F8      	CLRF       R8
;__Lib_Math.c,1795 :: 		
0x0079	0x01F9      	CLRF       R9
;__Lib_Math.c,1796 :: 		
0x007A	0x01FA      	CLRF       R10
;__Lib_Math.c,1797 :: 		
0x007B	0x01FB      	CLRF       R11
;__Lib_Math.c,1799 :: 		
_NEXT:
;__Lib_Math.c,1803 :: 		
0x007C	0x03FC      	DECF       R12, 1
;__Lib_Math.c,1804 :: 		
0x007D	0x1903      	BTFSC      STATUS, 2
;__Lib_Math.c,1805 :: 		
0x007E	0x28AA      	GOTO       _EXIT2
;__Lib_Math.c,1806 :: 		
0x007F	0x1003      	BCF        STATUS, 0
;__Lib_Math.c,1808 :: 		
_LOOP:
;__Lib_Math.c,1817 :: 		
0x0080	0x0CFB      	RRF        R11, 1
;__Lib_Math.c,1818 :: 		
0x0081	0x0CFA      	RRF        R10, 1
;__Lib_Math.c,1819 :: 		
0x0082	0x0CF9      	RRF        R9, 1
;__Lib_Math.c,1820 :: 		
0x0083	0x0CF8      	RRF        R8, 1
;__Lib_Math.c,1821 :: 		
0x0084	0x0CF3      	RRF        R3, 1
;__Lib_Math.c,1822 :: 		
0x0085	0x0CF2      	RRF        R2, 1
;__Lib_Math.c,1823 :: 		
0x0086	0x0CF1      	RRF        R1, 1
;__Lib_Math.c,1824 :: 		
0x0087	0x0CF0      	RRF        R0, 1
;__Lib_Math.c,1829 :: 		
0x0088	0x1C03      	BTFSS      STATUS, 0
;__Lib_Math.c,1830 :: 		
0x0089	0x287C      	GOTO       _NEXT
;__Lib_Math.c,1831 :: 		
0x008A	0x03FC      	DECF       R12, 1
;__Lib_Math.c,1832 :: 		
0x008B	0x1903      	BTFSC      STATUS, 2
;__Lib_Math.c,1833 :: 		
0x008C	0x289C      	GOTO       _EXIT1
;__Lib_Math.c,1840 :: 		
0x008D	0x0874      	MOVF       R4, 0
;__Lib_Math.c,1841 :: 		
0x008E	0x07F8      	ADDWF      R8, 1
;__Lib_Math.c,1842 :: 		
0x008F	0x0875      	MOVF       R5, 0
;__Lib_Math.c,1843 :: 		
0x0090	0x1803      	BTFSC      STATUS, 0
;__Lib_Math.c,1844 :: 		
0x0091	0x0F75      	INCFSZ     R5, 0
;__Lib_Math.c,1845 :: 		
0x0092	0x07F9      	ADDWF      R9, 1
;__Lib_Math.c,1846 :: 		
0x0093	0x0876      	MOVF       R6, 0
;__Lib_Math.c,1847 :: 		
0x0094	0x1803      	BTFSC      STATUS, 0
;__Lib_Math.c,1848 :: 		
0x0095	0x0F76      	INCFSZ     R6, 0
;__Lib_Math.c,1849 :: 		
0x0096	0x07FA      	ADDWF      R10, 1
;__Lib_Math.c,1850 :: 		
0x0097	0x0877      	MOVF       R7, 0
;__Lib_Math.c,1851 :: 		
0x0098	0x1803      	BTFSC      STATUS, 0
;__Lib_Math.c,1852 :: 		
0x0099	0x0F77      	INCFSZ     R7, 0
;__Lib_Math.c,1853 :: 		
0x009A	0x07FB      	ADDWF      R11, 1
;__Lib_Math.c,1855 :: 		
0x009B	0x2880      	GOTO       _LOOP
;__Lib_Math.c,1857 :: 		
_EXIT1:
;__Lib_Math.c,1862 :: 		
0x009C	0x0874      	MOVF       R4, 0
;__Lib_Math.c,1863 :: 		
0x009D	0x07F8      	ADDWF      R8, 1
;__Lib_Math.c,1864 :: 		
0x009E	0x0875      	MOVF       R5, 0
;__Lib_Math.c,1865 :: 		
0x009F	0x1803      	BTFSC      STATUS, 0
;__Lib_Math.c,1866 :: 		
0x00A0	0x0F75      	INCFSZ     R5, 0
;__Lib_Math.c,1867 :: 		
0x00A1	0x07F9      	ADDWF      R9, 1
;__Lib_Math.c,1868 :: 		
0x00A2	0x0876      	MOVF       R6, 0
;__Lib_Math.c,1869 :: 		
0x00A3	0x1803      	BTFSC      STATUS, 0
;__Lib_Math.c,1870 :: 		
0x00A4	0x0F76      	INCFSZ     R6, 0
;__Lib_Math.c,1871 :: 		
0x00A5	0x07FA      	ADDWF      R10, 1
;__Lib_Math.c,1872 :: 		
0x00A6	0x0877      	MOVF       R7, 0
;__Lib_Math.c,1873 :: 		
0x00A7	0x1803      	BTFSC      STATUS, 0
;__Lib_Math.c,1874 :: 		
0x00A8	0x0F77      	INCFSZ     R7, 0
;__Lib_Math.c,1875 :: 		
0x00A9	0x07FB      	ADDWF      R11, 1
;__Lib_Math.c,1878 :: 		
_EXIT2:
;__Lib_Math.c,1880 :: 		
L_end_Mul_32x32_U:
0x00AA	0x0008      	RETURN
; end of _Mul_32x32_U
UHAL_74HC595_latchGenerating:
;UHAL_74HC595.c,19 :: 		static void latchGenerating()
;UHAL_74HC595.c,21 :: 		BIT_SET(BIT_SHIFT_REG, LATCH);
0x00AB	0x1283      	BCF        STATUS, 5
0x00AC	0x1303      	BCF        STATUS, 6
0x00AD	0x1587      	BSF        PORTC, 3
;UHAL_74HC595.c,22 :: 		PF_delay_us(_74HC595_CLOCK_DELAY_TIME);
0x00AE	0x0000      	NOP
;UHAL_74HC595.c,23 :: 		BIT_CLEAR(BIT_SHIFT_REG, LATCH);
0x00AF	0x30F7      	MOVLW      247
0x00B0	0x0587      	ANDWF      PORTC, 1
;UHAL_74HC595.c,24 :: 		PF_delay_us(_74HC595_CLOCK_DELAY_TIME);
0x00B1	0x0000      	NOP
;UHAL_74HC595.c,25 :: 		}
L_end_latchGenerating:
0x00B2	0x0008      	RETURN
; end of UHAL_74HC595_latchGenerating
UHAL_74HC595_reverseByte:
;UHAL_74HC595.c,7 :: 		static uint8_t reverseByte(uint8_t agr)
;UHAL_74HC595.c,10 :: 		return b = ((b * 0x0802LU & 0x22110LU) | (b * 0x8020LU & 0x88440LU)) * 0x10101LU >> 16;
0x00B3	0x1283      	BCF        STATUS, 5
0x00B4	0x1303      	BCF        STATUS, 6
0x00B5	0x0850      	MOVF       FARG_UHAL_74HC595_reverseByte_agr, 0
0x00B6	0x00F0      	MOVWF      R0
0x00B7	0x01F1      	CLRF       R0+1
0x00B8	0x01F2      	CLRF       R0+2
0x00B9	0x01F3      	CLRF       R0+3
0x00BA	0x3002      	MOVLW      2
0x00BB	0x00F4      	MOVWF      R4
0x00BC	0x3008      	MOVLW      8
0x00BD	0x00F5      	MOVWF      R4+1
0x00BE	0x3000      	MOVLW      0
0x00BF	0x00F6      	MOVWF      R4+2
0x00C0	0x3000      	MOVLW      0
0x00C1	0x00F7      	MOVWF      R4+3
0x00C2	0x2074      	CALL       _Mul_32x32_U
0x00C3	0x3010      	MOVLW      16
0x00C4	0x0570      	ANDWF      R0, 0
0x00C5	0x00D1      	MOVWF      FLOC_UHAL_74HC595_reverseByte
0x00C6	0x3021      	MOVLW      33
0x00C7	0x0571      	ANDWF      R0+1, 0
0x00C8	0x00D2      	MOVWF      FLOC_UHAL_74HC595_reverseByte+1
0x00C9	0x3002      	MOVLW      2
0x00CA	0x0572      	ANDWF      R0+2, 0
0x00CB	0x00D3      	MOVWF      FLOC_UHAL_74HC595_reverseByte+2
0x00CC	0x3000      	MOVLW      0
0x00CD	0x0573      	ANDWF      R0+3, 0
0x00CE	0x00D4      	MOVWF      FLOC_UHAL_74HC595_reverseByte+3
0x00CF	0x0850      	MOVF       FARG_UHAL_74HC595_reverseByte_agr, 0
0x00D0	0x00F0      	MOVWF      R0
0x00D1	0x01F1      	CLRF       R0+1
0x00D2	0x01F2      	CLRF       R0+2
0x00D3	0x01F3      	CLRF       R0+3
0x00D4	0x3020      	MOVLW      32
0x00D5	0x00F4      	MOVWF      R4
0x00D6	0x3080      	MOVLW      128
0x00D7	0x00F5      	MOVWF      R4+1
0x00D8	0x3000      	MOVLW      0
0x00D9	0x00F6      	MOVWF      R4+2
0x00DA	0x3000      	MOVLW      0
0x00DB	0x00F7      	MOVWF      R4+3
0x00DC	0x2074      	CALL       _Mul_32x32_U
0x00DD	0x3040      	MOVLW      64
0x00DE	0x05F0      	ANDWF      R0, 1
0x00DF	0x3084      	MOVLW      132
0x00E0	0x05F1      	ANDWF      R0+1, 1
0x00E1	0x3008      	MOVLW      8
0x00E2	0x05F2      	ANDWF      R0+2, 1
0x00E3	0x3000      	MOVLW      0
0x00E4	0x05F3      	ANDWF      R0+3, 1
0x00E5	0x0851      	MOVF       FLOC_UHAL_74HC595_reverseByte, 0
0x00E6	0x04F0      	IORWF      R0, 1
0x00E7	0x0852      	MOVF       FLOC_UHAL_74HC595_reverseByte+1, 0
0x00E8	0x04F1      	IORWF      R0+1, 1
0x00E9	0x0853      	MOVF       FLOC_UHAL_74HC595_reverseByte+2, 0
0x00EA	0x04F2      	IORWF      R0+2, 1
0x00EB	0x0854      	MOVF       FLOC_UHAL_74HC595_reverseByte+3, 0
0x00EC	0x04F3      	IORWF      R0+3, 1
0x00ED	0x3001      	MOVLW      1
0x00EE	0x00F4      	MOVWF      R4
0x00EF	0x3001      	MOVLW      1
0x00F0	0x00F5      	MOVWF      R4+1
0x00F1	0x3001      	MOVLW      1
0x00F2	0x00F6      	MOVWF      R4+2
0x00F3	0x3000      	MOVLW      0
0x00F4	0x00F7      	MOVWF      R4+3
0x00F5	0x2074      	CALL       _Mul_32x32_U
0x00F6	0x0872      	MOVF       R0+2, 0
0x00F7	0x00F4      	MOVWF      R4
0x00F8	0x0873      	MOVF       R0+3, 0
0x00F9	0x00F5      	MOVWF      R4+1
0x00FA	0x01F6      	CLRF       R4+2
0x00FB	0x01F7      	CLRF       R4+3
0x00FC	0x0874      	MOVF       R4, 0
0x00FD	0x00F0      	MOVWF      R0
;UHAL_74HC595.c,11 :: 		}
L_end_reverseByte:
0x00FE	0x0008      	RETURN
; end of UHAL_74HC595_reverseByte
UHAL_74HC595_clockGenerating:
;UHAL_74HC595.c,12 :: 		static void clockGenerating()
;UHAL_74HC595.c,14 :: 		BIT_SET(BIT_SHIFT_REG, CLOCK);
0x00FF	0x1283      	BCF        STATUS, 5
0x0100	0x1303      	BCF        STATUS, 6
0x0101	0x1507      	BSF        PORTC, 2
;UHAL_74HC595.c,15 :: 		PF_delay_us(_74HC595_CLOCK_DELAY_TIME);
0x0102	0x0000      	NOP
;UHAL_74HC595.c,16 :: 		BIT_CLEAR(BIT_SHIFT_REG, CLOCK);
0x0103	0x30FB      	MOVLW      251
0x0104	0x0587      	ANDWF      PORTC, 1
;UHAL_74HC595.c,17 :: 		PF_delay_us(_74HC595_CLOCK_DELAY_TIME);
0x0105	0x0000      	NOP
;UHAL_74HC595.c,18 :: 		}
L_end_clockGenerating:
0x0106	0x0008      	RETURN
; end of UHAL_74HC595_clockGenerating
UHAL_74HC595_seg7Write:
;UHAL_74HC595.c,26 :: 		static void seg7Write(uint8_t seg1, uint8_t seg2)
;UHAL_74HC595.c,28 :: 		uint_fast8_t for_index = 0;
0x0107	0x1283      	BCF        STATUS, 5
0x0108	0x1303      	BCF        STATUS, 6
0x0109	0x01CD      	CLRF       UHAL_74HC595_seg7Write_for_index_L0
0x010A	0x3000      	MOVLW      0
0x010B	0x00CE      	MOVWF      UHAL_74HC595_seg7Write_temp_L0
0x010C	0x3000      	MOVLW      0
0x010D	0x00CF      	MOVWF      UHAL_74HC595_seg7Write_temp_L0+1
;UHAL_74HC595.c,30 :: 		seg1 = reverseByte(seg1);
0x010E	0x084B      	MOVF       FARG_UHAL_74HC595_seg7Write_seg1, 0
0x010F	0x00D0      	MOVWF      FARG_UHAL_74HC595_reverseByte_agr
0x0110	0x20B3      	CALL       UHAL_74HC595_reverseByte
0x0111	0x0870      	MOVF       R0, 0
0x0112	0x00CB      	MOVWF      FARG_UHAL_74HC595_seg7Write_seg1
;UHAL_74HC595.c,31 :: 		seg2 = reverseByte(seg2);
0x0113	0x084C      	MOVF       FARG_UHAL_74HC595_seg7Write_seg2, 0
0x0114	0x00D0      	MOVWF      FARG_UHAL_74HC595_reverseByte_agr
0x0115	0x20B3      	CALL       UHAL_74HC595_reverseByte
0x0116	0x0870      	MOVF       R0, 0
0x0117	0x00CC      	MOVWF      FARG_UHAL_74HC595_seg7Write_seg2
;UHAL_74HC595.c,32 :: 		temp = seg1;
0x0118	0x084B      	MOVF       FARG_UHAL_74HC595_seg7Write_seg1, 0
0x0119	0x00CE      	MOVWF      UHAL_74HC595_seg7Write_temp_L0
0x011A	0x01CF      	CLRF       UHAL_74HC595_seg7Write_temp_L0+1
;UHAL_74HC595.c,33 :: 		temp = temp << 8;
0x011B	0x084E      	MOVF       UHAL_74HC595_seg7Write_temp_L0, 0
0x011C	0x00CF      	MOVWF      UHAL_74HC595_seg7Write_temp_L0+1
0x011D	0x01CE      	CLRF       UHAL_74HC595_seg7Write_temp_L0
;UHAL_74HC595.c,34 :: 		temp |= seg2;
0x011E	0x0870      	MOVF       R0, 0
0x011F	0x04CE      	IORWF      UHAL_74HC595_seg7Write_temp_L0, 1
0x0120	0x3000      	MOVLW      0
0x0121	0x04CF      	IORWF      UHAL_74HC595_seg7Write_temp_L0+1, 1
;UHAL_74HC595.c,35 :: 		for (for_index = 0; for_index <= 15; for_index++)
0x0122	0x01CD      	CLRF       UHAL_74HC595_seg7Write_for_index_L0
L_UHAL_74HC595_seg7Write0:
0x0123	0x084D      	MOVF       UHAL_74HC595_seg7Write_for_index_L0, 0
0x0124	0x3C0F      	SUBLW      15
0x0125	0x1C03      	BTFSS      STATUS, 0
0x0126	0x294F      	GOTO       L_UHAL_74HC595_seg7Write1
;UHAL_74HC595.c,37 :: 		if (BIT_READ(temp, for_index))
0x0127	0x084D      	MOVF       UHAL_74HC595_seg7Write_for_index_L0, 0
0x0128	0x00F4      	MOVWF      R4
0x0129	0x3001      	MOVLW      1
0x012A	0x00F0      	MOVWF      R0
0x012B	0x3000      	MOVLW      0
0x012C	0x00F1      	MOVWF      R0+1
0x012D	0x3000      	MOVLW      0
0x012E	0x00F2      	MOVWF      R0+2
0x012F	0x3000      	MOVLW      0
0x0130	0x00F3      	MOVWF      R0+3
0x0131	0x0874      	MOVF       R4, 0
L_UHAL_74HC595_seg7Write14:
0x0132	0x1903      	BTFSC      STATUS, 2
0x0133	0x293B      	GOTO       L_UHAL_74HC595_seg7Write15
0x0134	0x0DF0      	RLF        R0, 1
0x0135	0x0DF1      	RLF        R0+1, 1
0x0136	0x0DF2      	RLF        R0+2, 1
0x0137	0x0DF3      	RLF        R0+3, 1
0x0138	0x1070      	BCF        R0, 0
0x0139	0x3EFF      	ADDLW      255
0x013A	0x2932      	GOTO       L_UHAL_74HC595_seg7Write14
L_UHAL_74HC595_seg7Write15:
0x013B	0x084E      	MOVF       UHAL_74HC595_seg7Write_temp_L0, 0
0x013C	0x05F0      	ANDWF      R0, 1
0x013D	0x084F      	MOVF       UHAL_74HC595_seg7Write_temp_L0+1, 0
0x013E	0x05F1      	ANDWF      R0+1, 1
0x013F	0x3000      	MOVLW      0
0x0140	0x05F2      	ANDWF      R0+2, 1
0x0141	0x05F3      	ANDWF      R0+3, 1
0x0142	0x0870      	MOVF       R0, 0
0x0143	0x0471      	IORWF      R0+1, 0
0x0144	0x0472      	IORWF      R0+2, 0
0x0145	0x0473      	IORWF      R0+3, 0
0x0146	0x1903      	BTFSC      STATUS, 2
0x0147	0x294A      	GOTO       L_UHAL_74HC595_seg7Write3
;UHAL_74HC595.c,39 :: 		BIT_SET(BIT_SHIFT_REG, SERIAL_DATA_IN);
0x0148	0x1487      	BSF        PORTC, 1
;UHAL_74HC595.c,40 :: 		}
0x0149	0x294C      	GOTO       L_UHAL_74HC595_seg7Write4
L_UHAL_74HC595_seg7Write3:
;UHAL_74HC595.c,43 :: 		BIT_CLEAR(BIT_SHIFT_REG, SERIAL_DATA_IN);
0x014A	0x30FD      	MOVLW      253
0x014B	0x0587      	ANDWF      PORTC, 1
;UHAL_74HC595.c,44 :: 		}
L_UHAL_74HC595_seg7Write4:
;UHAL_74HC595.c,45 :: 		clockGenerating();
0x014C	0x20FF      	CALL       UHAL_74HC595_clockGenerating
;UHAL_74HC595.c,35 :: 		for (for_index = 0; for_index <= 15; for_index++)
0x014D	0x0ACD      	INCF       UHAL_74HC595_seg7Write_for_index_L0, 1
;UHAL_74HC595.c,46 :: 		}
0x014E	0x2923      	GOTO       L_UHAL_74HC595_seg7Write0
L_UHAL_74HC595_seg7Write1:
;UHAL_74HC595.c,47 :: 		latchGenerating();
0x014F	0x20AB      	CALL       UHAL_74HC595_latchGenerating
;UHAL_74HC595.c,48 :: 		}
L_end_seg7Write:
0x0150	0x0008      	RETURN
; end of UHAL_74HC595_seg7Write
_____DoICP:
;__Lib_System.c,6 :: 		
;__Lib_System.c,9 :: 		
0x0151	0x1283      	BCF        STATUS, 5
0x0152	0x1303      	BCF        STATUS, 6
0x0153	0x082D      	MOVF       ___DoICPAddr+1, 0
0x0154	0x008A      	MOVWF      PCLATH
;__Lib_System.c,10 :: 		
0x0155	0x082C      	MOVF       ___DoICPAddr, 0
0x0156	0x0082      	MOVWF      PCL
;__Lib_System.c,12 :: 		
L_end_____DoICP:
0x0157	0x0008      	RETURN
; end of _____DoICP
_Div_16X16_U:
;__Lib_Math.c,215 :: 		
;__Lib_Math.c,222 :: 		
0x0158	0x1283      	BCF        STATUS, 5
;__Lib_Math.c,223 :: 		
0x0159	0x1303      	BCF        STATUS, 6
;__Lib_Math.c,224 :: 		
0x015A	0x01F8      	CLRF       R8
;__Lib_Math.c,225 :: 		
0x015B	0x01F9      	CLRF       R9
;__Lib_Math.c,226 :: 		
0x015C	0x3010      	MOVLW      16
;__Lib_Math.c,227 :: 		
0x015D	0x00FC      	MOVWF      R12
;__Lib_Math.c,228 :: 		
0x015E	0x0D71      	RLF        R1, 0
;__Lib_Math.c,229 :: 		
0x015F	0x0DF8      	RLF        R8, 1
;__Lib_Math.c,230 :: 		
0x0160	0x0DF9      	RLF        R9, 1
;__Lib_Math.c,231 :: 		
0x0161	0x0874      	MOVF       R4, 0
;__Lib_Math.c,232 :: 		
0x0162	0x02F8      	SUBWF      R8, 1
;__Lib_Math.c,233 :: 		
0x0163	0x0875      	MOVF       R5, 0
;__Lib_Math.c,234 :: 		
0x0164	0x1C03      	BTFSS      STATUS, 0
;__Lib_Math.c,235 :: 		
0x0165	0x0F75      	INCFSZ     R5, 0
;__Lib_Math.c,236 :: 		
0x0166	0x02F9      	SUBWF      R9, 1
;__Lib_Math.c,237 :: 		
0x0167	0x1803      	BTFSC      STATUS, 0
;__Lib_Math.c,238 :: 		
0x0168	0x2970      	GOTO       $+8
;__Lib_Math.c,239 :: 		
0x0169	0x0874      	MOVF       R4, 0
;__Lib_Math.c,240 :: 		
0x016A	0x07F8      	ADDWF      R8, 1
;__Lib_Math.c,241 :: 		
0x016B	0x0875      	MOVF       R5, 0
;__Lib_Math.c,242 :: 		
0x016C	0x1803      	BTFSC      STATUS, 0
;__Lib_Math.c,243 :: 		
0x016D	0x0F75      	INCFSZ     R5, 0
;__Lib_Math.c,244 :: 		
0x016E	0x07F9      	ADDWF      R9, 1
;__Lib_Math.c,245 :: 		
0x016F	0x1003      	BCF        STATUS, 0
;__Lib_Math.c,246 :: 		
0x0170	0x0DF0      	RLF        R0, 1
;__Lib_Math.c,247 :: 		
0x0171	0x0DF1      	RLF        R1, 1
;__Lib_Math.c,248 :: 		
0x0172	0x0BFC      	DECFSZ     R12, 1
;__Lib_Math.c,249 :: 		
0x0173	0x295E      	GOTO       $-21
;__Lib_Math.c,251 :: 		
L_end_Div_16X16_U:
0x0174	0x0008      	RETURN
; end of _Div_16X16_U
_seg7WriteNum:
;UHAL_74HC595.c,50 :: 		void seg7WriteNum(uint8_t num1, uint8_t num2)
;UHAL_74HC595.c,52 :: 		seg7Write(seg7DeCode[num1], seg7DeCode[num2]);
0x0175	0x1283      	BCF        STATUS, 5
0x0176	0x1303      	BCF        STATUS, 6
0x0177	0x0849      	MOVF       FARG_seg7WriteNum_num1, 0
0x0178	0x3E93      	ADDLW      _seg7DeCode
0x0179	0x00F0      	MOVWF      R0
0x017A	0x3003      	MOVLW      hi_addr(_seg7DeCode)
0x017B	0x1803      	BTFSC      STATUS, 0
0x017C	0x3E01      	ADDLW      1
0x017D	0x00F1      	MOVWF      R0+1
0x017E	0x0870      	MOVF       R0, 0
0x017F	0x00AC      	MOVWF      ___DoICPAddr
0x0180	0x0871      	MOVF       R0+1, 0
0x0181	0x00AD      	MOVWF      ___DoICPAddr+1
0x0182	0x2151      	CALL       _____DoICP
0x0183	0x118A      	BCF        PCLATH, 3
0x0184	0x120A      	BCF        PCLATH, 4
0x0185	0x00CB      	MOVWF      FARG_UHAL_74HC595_seg7Write_seg1
0x0186	0x084A      	MOVF       FARG_seg7WriteNum_num2, 0
0x0187	0x3E93      	ADDLW      _seg7DeCode
0x0188	0x00F0      	MOVWF      R0
0x0189	0x3003      	MOVLW      hi_addr(_seg7DeCode)
0x018A	0x1803      	BTFSC      STATUS, 0
0x018B	0x3E01      	ADDLW      1
0x018C	0x00F1      	MOVWF      R0+1
0x018D	0x0870      	MOVF       R0, 0
0x018E	0x00AC      	MOVWF      ___DoICPAddr
0x018F	0x0871      	MOVF       R0+1, 0
0x0190	0x00AD      	MOVWF      ___DoICPAddr+1
0x0191	0x2151      	CALL       _____DoICP
0x0192	0x118A      	BCF        PCLATH, 3
0x0193	0x120A      	BCF        PCLATH, 4
0x0194	0x00CC      	MOVWF      FARG_UHAL_74HC595_seg7Write_seg2
0x0195	0x2107      	CALL       UHAL_74HC595_seg7Write
;UHAL_74HC595.c,53 :: 		}
L_end_seg7WriteNum:
0x0196	0x0008      	RETURN
; end of _seg7WriteNum
_seg7Print:
;UHAL_74HC595.c,54 :: 		void seg7Print(uint16_t num1, uint16_t num2)
;UHAL_74HC595.c,59 :: 		digitSeg_1[0] = num1 % 10;
0x0197	0x300A      	MOVLW      10
0x0198	0x1283      	BCF        STATUS, 5
0x0199	0x1303      	BCF        STATUS, 6
0x019A	0x00F4      	MOVWF      R4
0x019B	0x3000      	MOVLW      0
0x019C	0x00F5      	MOVWF      R4+1
0x019D	0x083B      	MOVF       FARG_seg7Print_num1, 0
0x019E	0x00F0      	MOVWF      R0
0x019F	0x083C      	MOVF       FARG_seg7Print_num1+1, 0
0x01A0	0x00F1      	MOVWF      R0+1
0x01A1	0x2158      	CALL       _Div_16X16_U
0x01A2	0x0878      	MOVF       R8, 0
0x01A3	0x00F0      	MOVWF      R0
0x01A4	0x0879      	MOVF       R8+1, 0
0x01A5	0x00F1      	MOVWF      R0+1
0x01A6	0x0870      	MOVF       R0, 0
0x01A7	0x00BF      	MOVWF      seg7Print_digitSeg_1_L0
;UHAL_74HC595.c,60 :: 		num1 = num1 / 10;
0x01A8	0x300A      	MOVLW      10
0x01A9	0x00F4      	MOVWF      R4
0x01AA	0x3000      	MOVLW      0
0x01AB	0x00F5      	MOVWF      R4+1
0x01AC	0x083B      	MOVF       FARG_seg7Print_num1, 0
0x01AD	0x00F0      	MOVWF      R0
0x01AE	0x083C      	MOVF       FARG_seg7Print_num1+1, 0
0x01AF	0x00F1      	MOVWF      R0+1
0x01B0	0x2158      	CALL       _Div_16X16_U
0x01B1	0x0870      	MOVF       R0, 0
0x01B2	0x00C5      	MOVWF      FLOC__seg7Print
0x01B3	0x0871      	MOVF       R0+1, 0
0x01B4	0x00C6      	MOVWF      FLOC__seg7Print+1
0x01B5	0x0845      	MOVF       FLOC__seg7Print, 0
0x01B6	0x00BB      	MOVWF      FARG_seg7Print_num1
0x01B7	0x0846      	MOVF       FLOC__seg7Print+1, 0
0x01B8	0x00BC      	MOVWF      FARG_seg7Print_num1+1
;UHAL_74HC595.c,61 :: 		digitSeg_1[1] = num1 % 10;
0x01B9	0x300A      	MOVLW      10
0x01BA	0x00F4      	MOVWF      R4
0x01BB	0x3000      	MOVLW      0
0x01BC	0x00F5      	MOVWF      R4+1
0x01BD	0x0845      	MOVF       FLOC__seg7Print, 0
0x01BE	0x00F0      	MOVWF      R0
0x01BF	0x0846      	MOVF       FLOC__seg7Print+1, 0
0x01C0	0x00F1      	MOVWF      R0+1
0x01C1	0x2158      	CALL       _Div_16X16_U
0x01C2	0x0878      	MOVF       R8, 0
0x01C3	0x00F0      	MOVWF      R0
0x01C4	0x0879      	MOVF       R8+1, 0
0x01C5	0x00F1      	MOVWF      R0+1
0x01C6	0x0870      	MOVF       R0, 0
0x01C7	0x00C0      	MOVWF      seg7Print_digitSeg_1_L0+1
;UHAL_74HC595.c,62 :: 		num1 = num1 / 10;
0x01C8	0x300A      	MOVLW      10
0x01C9	0x00F4      	MOVWF      R4
0x01CA	0x3000      	MOVLW      0
0x01CB	0x00F5      	MOVWF      R4+1
0x01CC	0x0845      	MOVF       FLOC__seg7Print, 0
0x01CD	0x00F0      	MOVWF      R0
0x01CE	0x0846      	MOVF       FLOC__seg7Print+1, 0
0x01CF	0x00F1      	MOVWF      R0+1
0x01D0	0x2158      	CALL       _Div_16X16_U
0x01D1	0x0870      	MOVF       R0, 0
0x01D2	0x00BB      	MOVWF      FARG_seg7Print_num1
0x01D3	0x0871      	MOVF       R0+1, 0
0x01D4	0x00BC      	MOVWF      FARG_seg7Print_num1+1
;UHAL_74HC595.c,63 :: 		digitSeg_1[2] = num1 % 10;
0x01D5	0x300A      	MOVLW      10
0x01D6	0x00F4      	MOVWF      R4
0x01D7	0x3000      	MOVLW      0
0x01D8	0x00F5      	MOVWF      R4+1
0x01D9	0x2158      	CALL       _Div_16X16_U
0x01DA	0x0878      	MOVF       R8, 0
0x01DB	0x00F0      	MOVWF      R0
0x01DC	0x0879      	MOVF       R8+1, 0
0x01DD	0x00F1      	MOVWF      R0+1
0x01DE	0x0870      	MOVF       R0, 0
0x01DF	0x00C7      	MOVWF      FLOC__seg7Print+2
0x01E0	0x0871      	MOVF       R0+1, 0
0x01E1	0x00C8      	MOVWF      FLOC__seg7Print+3
0x01E2	0x0847      	MOVF       FLOC__seg7Print+2, 0
0x01E3	0x00C1      	MOVWF      seg7Print_digitSeg_1_L0+2
;UHAL_74HC595.c,65 :: 		digitSeg_2[0] = num2 % 10;
0x01E4	0x300A      	MOVLW      10
0x01E5	0x00F4      	MOVWF      R4
0x01E6	0x3000      	MOVLW      0
0x01E7	0x00F5      	MOVWF      R4+1
0x01E8	0x083D      	MOVF       FARG_seg7Print_num2, 0
0x01E9	0x00F0      	MOVWF      R0
0x01EA	0x083E      	MOVF       FARG_seg7Print_num2+1, 0
0x01EB	0x00F1      	MOVWF      R0+1
0x01EC	0x2158      	CALL       _Div_16X16_U
0x01ED	0x0878      	MOVF       R8, 0
0x01EE	0x00F0      	MOVWF      R0
0x01EF	0x0879      	MOVF       R8+1, 0
0x01F0	0x00F1      	MOVWF      R0+1
0x01F1	0x0870      	MOVF       R0, 0
0x01F2	0x00C2      	MOVWF      seg7Print_digitSeg_2_L0
;UHAL_74HC595.c,66 :: 		num2 = num2 / 10;
0x01F3	0x300A      	MOVLW      10
0x01F4	0x00F4      	MOVWF      R4
0x01F5	0x3000      	MOVLW      0
0x01F6	0x00F5      	MOVWF      R4+1
0x01F7	0x083D      	MOVF       FARG_seg7Print_num2, 0
0x01F8	0x00F0      	MOVWF      R0
0x01F9	0x083E      	MOVF       FARG_seg7Print_num2+1, 0
0x01FA	0x00F1      	MOVWF      R0+1
0x01FB	0x2158      	CALL       _Div_16X16_U
0x01FC	0x0870      	MOVF       R0, 0
0x01FD	0x00C5      	MOVWF      FLOC__seg7Print
0x01FE	0x0871      	MOVF       R0+1, 0
0x01FF	0x00C6      	MOVWF      FLOC__seg7Print+1
0x0200	0x0845      	MOVF       FLOC__seg7Print, 0
0x0201	0x00BD      	MOVWF      FARG_seg7Print_num2
0x0202	0x0846      	MOVF       FLOC__seg7Print+1, 0
0x0203	0x00BE      	MOVWF      FARG_seg7Print_num2+1
;UHAL_74HC595.c,67 :: 		digitSeg_2[1] = num2 % 10;
0x0204	0x300A      	MOVLW      10
0x0205	0x00F4      	MOVWF      R4
0x0206	0x3000      	MOVLW      0
0x0207	0x00F5      	MOVWF      R4+1
0x0208	0x0845      	MOVF       FLOC__seg7Print, 0
0x0209	0x00F0      	MOVWF      R0
0x020A	0x0846      	MOVF       FLOC__seg7Print+1, 0
0x020B	0x00F1      	MOVWF      R0+1
0x020C	0x2158      	CALL       _Div_16X16_U
0x020D	0x0878      	MOVF       R8, 0
0x020E	0x00F0      	MOVWF      R0
0x020F	0x0879      	MOVF       R8+1, 0
0x0210	0x00F1      	MOVWF      R0+1
0x0211	0x0870      	MOVF       R0, 0
0x0212	0x00C3      	MOVWF      seg7Print_digitSeg_2_L0+1
;UHAL_74HC595.c,68 :: 		num2 = num2 / 10;
0x0213	0x300A      	MOVLW      10
0x0214	0x00F4      	MOVWF      R4
0x0215	0x3000      	MOVLW      0
0x0216	0x00F5      	MOVWF      R4+1
0x0217	0x0845      	MOVF       FLOC__seg7Print, 0
0x0218	0x00F0      	MOVWF      R0
0x0219	0x0846      	MOVF       FLOC__seg7Print+1, 0
0x021A	0x00F1      	MOVWF      R0+1
0x021B	0x2158      	CALL       _Div_16X16_U
0x021C	0x0870      	MOVF       R0, 0
0x021D	0x00BD      	MOVWF      FARG_seg7Print_num2
0x021E	0x0871      	MOVF       R0+1, 0
0x021F	0x00BE      	MOVWF      FARG_seg7Print_num2+1
;UHAL_74HC595.c,69 :: 		digitSeg_2[2] = num2 % 10;
0x0220	0x300A      	MOVLW      10
0x0221	0x00F4      	MOVWF      R4
0x0222	0x3000      	MOVLW      0
0x0223	0x00F5      	MOVWF      R4+1
0x0224	0x2158      	CALL       _Div_16X16_U
0x0225	0x0878      	MOVF       R8, 0
0x0226	0x00F0      	MOVWF      R0
0x0227	0x0879      	MOVF       R8+1, 0
0x0228	0x00F1      	MOVWF      R0+1
0x0229	0x0870      	MOVF       R0, 0
0x022A	0x00C4      	MOVWF      seg7Print_digitSeg_2_L0+2
;UHAL_74HC595.c,71 :: 		seg7WriteNum(digitSeg_1[2], digitSeg_2[2]);
0x022B	0x0847      	MOVF       FLOC__seg7Print+2, 0
0x022C	0x00C9      	MOVWF      FARG_seg7WriteNum_num1
0x022D	0x0870      	MOVF       R0, 0
0x022E	0x00CA      	MOVWF      FARG_seg7WriteNum_num2
0x022F	0x2175      	CALL       _seg7WriteNum
;UHAL_74HC595.c,72 :: 		LED_1_ON();
0x0230	0x1607      	BSF        PORTC, 4
;UHAL_74HC595.c,73 :: 		PF_delay_ms(_SEG_DELAY_TIME);
0x0231	0x3002      	MOVLW      2
0x0232	0x00FC      	MOVWF      R12
0x0233	0x304B      	MOVLW      75
0x0234	0x00FD      	MOVWF      R13
L_seg7Print5:
0x0235	0x0BFD      	DECFSZ     R13, 1
0x0236	0x2A35      	GOTO       L_seg7Print5
0x0237	0x0BFC      	DECFSZ     R12, 1
0x0238	0x2A35      	GOTO       L_seg7Print5
;UHAL_74HC595.c,74 :: 		LED_1_OFF();
0x0239	0x30EF      	MOVLW      239
0x023A	0x0587      	ANDWF      PORTC, 1
;UHAL_74HC595.c,75 :: 		seg7WriteNum(digitSeg_1[1], digitSeg_2[1]);
0x023B	0x0840      	MOVF       seg7Print_digitSeg_1_L0+1, 0
0x023C	0x00C9      	MOVWF      FARG_seg7WriteNum_num1
0x023D	0x0843      	MOVF       seg7Print_digitSeg_2_L0+1, 0
0x023E	0x00CA      	MOVWF      FARG_seg7WriteNum_num2
0x023F	0x2175      	CALL       _seg7WriteNum
;UHAL_74HC595.c,76 :: 		LED_2_ON();
0x0240	0x1687      	BSF        PORTC, 5
;UHAL_74HC595.c,77 :: 		PF_delay_ms(_SEG_DELAY_TIME);
0x0241	0x3002      	MOVLW      2
0x0242	0x00FC      	MOVWF      R12
0x0243	0x304B      	MOVLW      75
0x0244	0x00FD      	MOVWF      R13
L_seg7Print6:
0x0245	0x0BFD      	DECFSZ     R13, 1
0x0246	0x2A45      	GOTO       L_seg7Print6
0x0247	0x0BFC      	DECFSZ     R12, 1
0x0248	0x2A45      	GOTO       L_seg7Print6
;UHAL_74HC595.c,78 :: 		LED_2_OFF();
0x0249	0x30DF      	MOVLW      223
0x024A	0x0587      	ANDWF      PORTC, 1
;UHAL_74HC595.c,79 :: 		seg7WriteNum(digitSeg_1[0], digitSeg_2[0]);
0x024B	0x083F      	MOVF       seg7Print_digitSeg_1_L0, 0
0x024C	0x00C9      	MOVWF      FARG_seg7WriteNum_num1
0x024D	0x0842      	MOVF       seg7Print_digitSeg_2_L0, 0
0x024E	0x00CA      	MOVWF      FARG_seg7WriteNum_num2
0x024F	0x2175      	CALL       _seg7WriteNum
;UHAL_74HC595.c,80 :: 		LED_3_ON();
0x0250	0x1707      	BSF        PORTC, 6
;UHAL_74HC595.c,81 :: 		PF_delay_ms(_SEG_DELAY_TIME);
0x0251	0x3002      	MOVLW      2
0x0252	0x00FC      	MOVWF      R12
0x0253	0x304B      	MOVLW      75
0x0254	0x00FD      	MOVWF      R13
L_seg7Print7:
0x0255	0x0BFD      	DECFSZ     R13, 1
0x0256	0x2A55      	GOTO       L_seg7Print7
0x0257	0x0BFC      	DECFSZ     R12, 1
0x0258	0x2A55      	GOTO       L_seg7Print7
;UHAL_74HC595.c,82 :: 		LED_3_OFF();
0x0259	0x30BF      	MOVLW      191
0x025A	0x0587      	ANDWF      PORTC, 1
;UHAL_74HC595.c,83 :: 		}
L_end_seg7Print:
0x025B	0x0008      	RETURN
; end of _seg7Print
_UAPI_MOTOR_stop:
;UAPI_motor.c,15 :: 		void UAPI_MOTOR_stop()
;UAPI_motor.c,18 :: 		TRISA3_bit = 1;
0x025C	0x1683      	BSF        STATUS, 5
0x025D	0x1303      	BCF        STATUS, 6
0x025E	0x1585      	BSF        TRISA3_bit, BitPos(TRISA3_bit+0)
;UAPI_motor.c,20 :: 		}
L_end_UAPI_MOTOR_stop:
0x025F	0x0008      	RETURN
; end of _UAPI_MOTOR_stop
_UHAL_timer2Init:
;UHAL_timer2.c,3 :: 		void UHAL_timer2Init()
;UHAL_timer2.c,10 :: 		T2CON	 = 0x4D;
0x0260	0x304D      	MOVLW      77
0x0261	0x1283      	BCF        STATUS, 5
0x0262	0x1303      	BCF        STATUS, 6
0x0263	0x0092      	MOVWF      T2CON
;UHAL_timer2.c,12 :: 		TMR2IE_bit	 = 1;
0x0264	0x1683      	BSF        STATUS, 5
0x0265	0x148C      	BSF        TMR2IE_bit, BitPos(TMR2IE_bit+0)
;UHAL_timer2.c,13 :: 		INTCON	 = 0xC0;
0x0266	0x30C0      	MOVLW      192
0x0267	0x008B      	MOVWF      INTCON
;UHAL_timer2.c,16 :: 		U_TIMER2_COMPARE_REG = 0;     // 0 -> 230; max = 250
0x0268	0x0192      	CLRF       PR2
;UHAL_timer2.c,17 :: 		TMR2IF_bit = 0;
0x0269	0x1283      	BCF        STATUS, 5
0x026A	0x108C      	BCF        TMR2IF_bit, BitPos(TMR2IF_bit+0)
;UHAL_timer2.c,18 :: 		U_GLOBAL_INTERRUPT_ENABLE();
0x026B	0x178B      	BSF        INTCON, 7
;UHAL_timer2.c,19 :: 		U_PERIPHERAL_INTERRUPT_ENABLE();
0x026C	0x170B      	BSF        INTCON, 6
;UHAL_timer2.c,20 :: 		U_TMR2_TO_PR2_MATCH_INTERRUPT_ENABLE();
0x026D	0x1683      	BSF        STATUS, 5
0x026E	0x148C      	BSF        PIE1, 1
;UHAL_timer2.c,22 :: 		}
L_end_UHAL_timer2Init:
0x026F	0x0008      	RETURN
; end of _UHAL_timer2Init
_InitExternalInterrupt:
;U_hardware_init.c,19 :: 		inline void InitExternalInterrupt()
;U_hardware_init.c,21 :: 		U_GLOBAL_INTERRUPT_ENABLE();
0x0270	0x178B      	BSF        INTCON, 7
;U_hardware_init.c,22 :: 		U_EXTERNAL_INTERRUPT_RISING();
0x0271	0x1683      	BSF        STATUS, 5
0x0272	0x1303      	BCF        STATUS, 6
0x0273	0x1701      	BSF        OPTION_REG, 6
;U_hardware_init.c,23 :: 		U_EXTERNAL_INTERRUPT_ENABLE();
0x0274	0x160B      	BSF        INTCON, 4
;U_hardware_init.c,24 :: 		}
L_end_InitExternalInterrupt:
0x0275	0x0008      	RETURN
; end of _InitExternalInterrupt
UAPI_motor_UHAL_TIMER2_updatePrValue:
;uhal_timer2.h,49 :: 		static inline void UHAL_TIMER2_updatePrValue(uint8_t val,UHAL_TIMER2_REGITER_T * buffer )
;uhal_timer2.h,51 :: 		*buffer =   val;
0x0276	0x1283      	BCF        STATUS, 5
0x0277	0x1303      	BCF        STATUS, 6
0x0278	0x083A      	MOVF       FARG_UAPI_motor_UHAL_TIMER2_updatePrValue_buffer, 0
0x0279	0x0084      	MOVWF      FSR
0x027A	0x0839      	MOVF       FARG_UAPI_motor_UHAL_TIMER2_updatePrValue_val, 0
0x027B	0x0080      	MOVWF      INDF
;uhal_timer2.h,52 :: 		}
L_end_UHAL_TIMER2_updatePrValue:
0x027C	0x0008      	RETURN
; end of UAPI_motor_UHAL_TIMER2_updatePrValue
_ledDisplayHandler:
;schWash_main.c,95 :: 		void ledDisplayHandler()
;schWash_main.c,97 :: 		seg7Print(ledNum1, ledNum2);
0x027D	0x1283      	BCF        STATUS, 5
0x027E	0x1303      	BCF        STATUS, 6
0x027F	0x0827      	MOVF       schWash_main_ledNum1, 0
0x0280	0x00BB      	MOVWF      FARG_seg7Print_num1
0x0281	0x0828      	MOVF       schWash_main_ledNum1+1, 0
0x0282	0x00BC      	MOVWF      FARG_seg7Print_num1+1
0x0283	0x0829      	MOVF       schWash_main_ledNum2, 0
0x0284	0x00BD      	MOVWF      FARG_seg7Print_num2
0x0285	0x082A      	MOVF       schWash_main_ledNum2+1, 0
0x0286	0x00BE      	MOVWF      FARG_seg7Print_num2+1
0x0287	0x2197      	CALL       _seg7Print
;schWash_main.c,98 :: 		}
L_end_ledDisplayHandler:
0x0288	0x0008      	RETURN
; end of _ledDisplayHandler
_UAPI_buttonHanlde:
;UAPI_button.c,5 :: 		uint8_t UAPI_buttonHanlde()
;UAPI_button.c,7 :: 		uint8_t buttonTemp = READ_BIT_MASK(U_NUT_POTR, U_NUT_1_PIN, 0b1111);
0x0289	0x1283      	BCF        STATUS, 5
0x028A	0x1303      	BCF        STATUS, 6
0x028B	0x0808      	MOVF       PORTD, 0
0x028C	0x00B4      	MOVWF      UAPI_buttonHanlde_buttonTemp_L0
0x028D	0x0CB4      	RRF        UAPI_buttonHanlde_buttonTemp_L0, 1
0x028E	0x13B4      	BCF        UAPI_buttonHanlde_buttonTemp_L0, 7
0x028F	0x0CB4      	RRF        UAPI_buttonHanlde_buttonTemp_L0, 1
0x0290	0x13B4      	BCF        UAPI_buttonHanlde_buttonTemp_L0, 7
0x0291	0x0CB4      	RRF        UAPI_buttonHanlde_buttonTemp_L0, 1
0x0292	0x13B4      	BCF        UAPI_buttonHanlde_buttonTemp_L0, 7
0x0293	0x0CB4      	RRF        UAPI_buttonHanlde_buttonTemp_L0, 1
0x0294	0x13B4      	BCF        UAPI_buttonHanlde_buttonTemp_L0, 7
0x0295	0x300F      	MOVLW      15
0x0296	0x05B4      	ANDWF      UAPI_buttonHanlde_buttonTemp_L0, 1
;UAPI_button.c,8 :: 		intmax_t time = PF_systemTick;
0x0297	0x082E      	MOVF       _PF_systemTick, 0
0x0298	0x00B5      	MOVWF      UAPI_buttonHanlde_time_L0
0x0299	0x082F      	MOVF       _PF_systemTick+1, 0
0x029A	0x00B6      	MOVWF      UAPI_buttonHanlde_time_L0+1
0x029B	0x0830      	MOVF       _PF_systemTick+2, 0
0x029C	0x00B7      	MOVWF      UAPI_buttonHanlde_time_L0+2
0x029D	0x0831      	MOVF       _PF_systemTick+3, 0
0x029E	0x00B8      	MOVWF      UAPI_buttonHanlde_time_L0+3
;UAPI_button.c,9 :: 		WAIT_UNTIL((PF_systemTick - time) > 20)
L_UAPI_buttonHanlde0:
0x029F	0x082E      	MOVF       _PF_systemTick, 0
0x02A0	0x00F1      	MOVWF      R1
0x02A1	0x082F      	MOVF       _PF_systemTick+1, 0
0x02A2	0x00F2      	MOVWF      R1+1
0x02A3	0x0830      	MOVF       _PF_systemTick+2, 0
0x02A4	0x00F3      	MOVWF      R1+2
0x02A5	0x0831      	MOVF       _PF_systemTick+3, 0
0x02A6	0x00F4      	MOVWF      R1+3
0x02A7	0x0835      	MOVF       UAPI_buttonHanlde_time_L0, 0
0x02A8	0x02F1      	SUBWF      R1, 1
0x02A9	0x0836      	MOVF       UAPI_buttonHanlde_time_L0+1, 0
0x02AA	0x1C03      	BTFSS      STATUS, 0
0x02AB	0x0F36      	INCFSZ     UAPI_buttonHanlde_time_L0+1, 0
0x02AC	0x02F2      	SUBWF      R1+1, 1
0x02AD	0x0837      	MOVF       UAPI_buttonHanlde_time_L0+2, 0
0x02AE	0x1C03      	BTFSS      STATUS, 0
0x02AF	0x0F37      	INCFSZ     UAPI_buttonHanlde_time_L0+2, 0
0x02B0	0x02F3      	SUBWF      R1+2, 1
0x02B1	0x0838      	MOVF       UAPI_buttonHanlde_time_L0+3, 0
0x02B2	0x1C03      	BTFSS      STATUS, 0
0x02B3	0x0F38      	INCFSZ     UAPI_buttonHanlde_time_L0+3, 0
0x02B4	0x02F4      	SUBWF      R1+3, 1
0x02B5	0x0874      	MOVF       R1+3, 0
0x02B6	0x3C00      	SUBLW      0
0x02B7	0x1D03      	BTFSS      STATUS, 2
0x02B8	0x2AC3      	GOTO       L__UAPI_buttonHanlde10
0x02B9	0x0873      	MOVF       R1+2, 0
0x02BA	0x3C00      	SUBLW      0
0x02BB	0x1D03      	BTFSS      STATUS, 2
0x02BC	0x2AC3      	GOTO       L__UAPI_buttonHanlde10
0x02BD	0x0872      	MOVF       R1+1, 0
0x02BE	0x3C00      	SUBLW      0
0x02BF	0x1D03      	BTFSS      STATUS, 2
0x02C0	0x2AC3      	GOTO       L__UAPI_buttonHanlde10
0x02C1	0x0871      	MOVF       R1, 0
0x02C2	0x3C14      	SUBLW      20
L__UAPI_buttonHanlde10:
0x02C3	0x1C03      	BTFSS      STATUS, 0
0x02C4	0x2AC7      	GOTO       L_UAPI_buttonHanlde1
;UAPI_button.c,11 :: 		ledDisplayHandler();
0x02C5	0x227D      	CALL       _ledDisplayHandler
;UAPI_button.c,12 :: 		}
0x02C6	0x2A9F      	GOTO       L_UAPI_buttonHanlde0
L_UAPI_buttonHanlde1:
;UAPI_button.c,13 :: 		if (!(buttonTemp == READ_BIT_MASK(U_NUT_POTR, U_NUT_1_PIN, 0b1111)))
0x02C7	0x0808      	MOVF       PORTD, 0
0x02C8	0x00F0      	MOVWF      R0
0x02C9	0x0CF0      	RRF        R0, 1
0x02CA	0x13F0      	BCF        R0, 7
0x02CB	0x0CF0      	RRF        R0, 1
0x02CC	0x13F0      	BCF        R0, 7
0x02CD	0x0CF0      	RRF        R0, 1
0x02CE	0x13F0      	BCF        R0, 7
0x02CF	0x0CF0      	RRF        R0, 1
0x02D0	0x13F0      	BCF        R0, 7
0x02D1	0x300F      	MOVLW      15
0x02D2	0x0570      	ANDWF      R0, 0
0x02D3	0x00F1      	MOVWF      R1
0x02D4	0x0834      	MOVF       UAPI_buttonHanlde_buttonTemp_L0, 0
0x02D5	0x0671      	XORWF      R1, 0
0x02D6	0x1903      	BTFSC      STATUS, 2
0x02D7	0x2AD9      	GOTO       L_UAPI_buttonHanlde2
;UAPI_button.c,15 :: 		buttonTemp = 0;
0x02D8	0x01B4      	CLRF       UAPI_buttonHanlde_buttonTemp_L0
;UAPI_button.c,16 :: 		}
L_UAPI_buttonHanlde2:
;UAPI_button.c,17 :: 		return buttonTemp;
0x02D9	0x0834      	MOVF       UAPI_buttonHanlde_buttonTemp_L0, 0
0x02DA	0x00F0      	MOVWF      R0
;UAPI_button.c,18 :: 		}
L_end_UAPI_buttonHanlde:
0x02DB	0x0008      	RETURN
; end of _UAPI_buttonHanlde
_InitTimer1:
;U_hardware_init.c,9 :: 		inline void InitTimer1()
;U_hardware_init.c,11 :: 		T1CON = 0x01U;
0x02DC	0x3001      	MOVLW      1
0x02DD	0x1283      	BCF        STATUS, 5
0x02DE	0x1303      	BCF        STATUS, 6
0x02DF	0x0090      	MOVWF      T1CON
;U_hardware_init.c,12 :: 		TMR1IF_bit = 0;
0x02E0	0x100C      	BCF        TMR1IF_bit, BitPos(TMR1IF_bit+0)
;U_hardware_init.c,13 :: 		TMR1H = 0xFCU;
0x02E1	0x30FC      	MOVLW      252
0x02E2	0x008F      	MOVWF      TMR1H
;U_hardware_init.c,14 :: 		TMR1L = 0x18U;
0x02E3	0x3018      	MOVLW      24
0x02E4	0x008E      	MOVWF      TMR1L
;U_hardware_init.c,15 :: 		TMR1IE_bit = 1;
0x02E5	0x1683      	BSF        STATUS, 5
0x02E6	0x140C      	BSF        TMR1IE_bit, BitPos(TMR1IE_bit+0)
;U_hardware_init.c,16 :: 		INTCON = 0xC0U;
0x02E7	0x30C0      	MOVLW      192
0x02E8	0x008B      	MOVWF      INTCON
;U_hardware_init.c,17 :: 		}
L_end_InitTimer1:
0x02E9	0x0008      	RETURN
; end of _InitTimer1
_UAPI_MOTOR_setSpeed:
;UAPI_motor.c,21 :: 		void UAPI_MOTOR_setSpeed(uint_fast8_t speed, UHAL_TIMER2_REGITER_T * buffer)
;UAPI_motor.c,23 :: 		speed = CONSTRAIN(speed, UAPI_MOTOR_MIN_SPEED, UAPI_MOTOR_MAX_SPEED);
0x02EA	0x3001      	MOVLW      1
0x02EB	0x1283      	BCF        STATUS, 5
0x02EC	0x1303      	BCF        STATUS, 6
0x02ED	0x0234      	SUBWF      FARG_UAPI_MOTOR_setSpeed_speed, 0
0x02EE	0x1803      	BTFSC      STATUS, 0
0x02EF	0x2AF3      	GOTO       L_UAPI_MOTOR_setSpeed0
0x02F0	0x3001      	MOVLW      1
0x02F1	0x00B6      	MOVWF      ?FLOC___UAPI_MOTOR_setSpeedT9
0x02F2	0x2AFE      	GOTO       L_UAPI_MOTOR_setSpeed1
L_UAPI_MOTOR_setSpeed0:
0x02F3	0x0834      	MOVF       FARG_UAPI_MOTOR_setSpeed_speed, 0
0x02F4	0x3CDC      	SUBLW      220
0x02F5	0x1803      	BTFSC      STATUS, 0
0x02F6	0x2AFA      	GOTO       L_UAPI_MOTOR_setSpeed2
0x02F7	0x30DC      	MOVLW      220
0x02F8	0x00B7      	MOVWF      ?FLOC___UAPI_MOTOR_setSpeedT11
0x02F9	0x2AFC      	GOTO       L_UAPI_MOTOR_setSpeed3
L_UAPI_MOTOR_setSpeed2:
0x02FA	0x0834      	MOVF       FARG_UAPI_MOTOR_setSpeed_speed, 0
0x02FB	0x00B7      	MOVWF      ?FLOC___UAPI_MOTOR_setSpeedT11
L_UAPI_MOTOR_setSpeed3:
0x02FC	0x0837      	MOVF       ?FLOC___UAPI_MOTOR_setSpeedT11, 0
0x02FD	0x00B6      	MOVWF      ?FLOC___UAPI_MOTOR_setSpeedT9
L_UAPI_MOTOR_setSpeed1:
0x02FE	0x0836      	MOVF       ?FLOC___UAPI_MOTOR_setSpeedT9, 0
0x02FF	0x00B4      	MOVWF      FARG_UAPI_MOTOR_setSpeed_speed
;UAPI_motor.c,24 :: 		UHAL_TIMER2_updatePrValue(speed,buffer);
0x0300	0x0836      	MOVF       ?FLOC___UAPI_MOTOR_setSpeedT9, 0
0x0301	0x00B9      	MOVWF      FARG_UAPI_motor_UHAL_TIMER2_updatePrValue_val
0x0302	0x0835      	MOVF       FARG_UAPI_MOTOR_setSpeed_buffer, 0
0x0303	0x00BA      	MOVWF      FARG_UAPI_motor_UHAL_TIMER2_updatePrValue_buffer
0x0304	0x2276      	CALL       UAPI_motor_UHAL_TIMER2_updatePrValue
;UAPI_motor.c,25 :: 		}
L_end_UAPI_MOTOR_setSpeed:
0x0305	0x0008      	RETURN
; end of _UAPI_MOTOR_setSpeed
_UAPI_MOTOR_start:
;UAPI_motor.c,11 :: 		void UAPI_MOTOR_start()
;UAPI_motor.c,13 :: 		TRISA3_bit = 0;
0x0306	0x1683      	BSF        STATUS, 5
0x0307	0x1303      	BCF        STATUS, 6
0x0308	0x1185      	BCF        TRISA3_bit, BitPos(TRISA3_bit+0)
;UAPI_motor.c,14 :: 		}
L_end_UAPI_MOTOR_start:
0x0309	0x0008      	RETURN
; end of _UAPI_MOTOR_start
_UAPI_MOTOR_init:
;UAPI_motor.c,3 :: 		void UAPI_MOTOR_init()
;UAPI_motor.c,6 :: 		UHAL_timer2Init();
0x030A	0x2260      	CALL       _UHAL_timer2Init
;UAPI_motor.c,7 :: 		InitExternalInterrupt();
0x030B	0x2270      	CALL       _InitExternalInterrupt
;UAPI_motor.c,8 :: 		UAPI_MOTOR_stop();
0x030C	0x225C      	CALL       _UAPI_MOTOR_stop
;UAPI_motor.c,9 :: 		}
L_end_UAPI_MOTOR_init:
0x030D	0x0008      	RETURN
; end of _UAPI_MOTOR_init
___CC2DW:
;__Lib_System.c,134 :: 		
;__Lib_System.c,137 :: 		
_CC2D_Loop1:
;__Lib_System.c,139 :: 		
0x030E	0x2151      	CALL       _____DoICP
0x030F	0x118A      	BCF        PCLATH, 3
0x0310	0x120A      	BCF        PCLATH, 4
;__Lib_System.c,141 :: 		
0x0311	0x0080      	MOVWF      INDF
;__Lib_System.c,142 :: 		
0x0312	0x0A84      	INCF       FSR, 1
;__Lib_System.c,143 :: 		
0x0313	0x0AAC      	INCF       ___DoICPAddr, 1
;__Lib_System.c,145 :: 		
0x0314	0x1903      	BTFSC      STATUS, 2
;__Lib_System.c,146 :: 		
0x0315	0x0AAD      	INCF       ___DoICPAddr+1, 1
;__Lib_System.c,147 :: 		
0x0316	0x03F0      	DECF       R0, 1
;__Lib_System.c,149 :: 		
0x0317	0x1D03      	BTFSS      STATUS, 2
;__Lib_System.c,150 :: 		
0x0318	0x2B0E      	GOTO       _CC2D_Loop1
;__Lib_System.c,152 :: 		
L_end___CC2DW:
0x0319	0x0008      	RETURN
; end of ___CC2DW
_U_gpioInit:
;U_hardware_init.c,26 :: 		inline void U_gpioInit()
;U_hardware_init.c,28 :: 		ANSEL = 0; // Configure AN pins as digital
0x031A	0x1683      	BSF        STATUS, 5
0x031B	0x1703      	BSF        STATUS, 6
0x031C	0x0188      	CLRF       ANSEL
;U_hardware_init.c,29 :: 		ANSELH = 0;
0x031D	0x0189      	CLRF       ANSELH
;U_hardware_init.c,30 :: 		C1ON_bit = 0; // Disable comparators
0x031E	0x1283      	BCF        STATUS, 5
0x031F	0x1387      	BCF        C1ON_bit, BitPos(C1ON_bit+0)
;U_hardware_init.c,31 :: 		C2ON_bit = 0;
0x0320	0x1388      	BCF        C2ON_bit, BitPos(C2ON_bit+0)
;U_hardware_init.c,32 :: 		TRISC = 0x00U;
0x0321	0x1683      	BSF        STATUS, 5
0x0322	0x1303      	BCF        STATUS, 6
0x0323	0x0187      	CLRF       TRISC
;U_hardware_init.c,33 :: 		PORTC = 0x00U;
0x0324	0x1283      	BCF        STATUS, 5
0x0325	0x0187      	CLRF       PORTC
;U_hardware_init.c,34 :: 		TRISB1_bit = 0;
0x0326	0x1683      	BSF        STATUS, 5
0x0327	0x1086      	BCF        TRISB1_bit, BitPos(TRISB1_bit+0)
;U_hardware_init.c,35 :: 		TRISE0_bit = 0;
0x0328	0x1009      	BCF        TRISE0_bit, BitPos(TRISE0_bit+0)
;U_hardware_init.c,37 :: 		TRISA3_bit = 0;
0x0329	0x1185      	BCF        TRISA3_bit, BitPos(TRISA3_bit+0)
;U_hardware_init.c,38 :: 		TRISB1_bit = 0;
0x032A	0x1086      	BCF        TRISB1_bit, BitPos(TRISB1_bit+0)
;U_hardware_init.c,39 :: 		TRISE0_bit =0;
0x032B	0x1009      	BCF        TRISE0_bit, BitPos(TRISE0_bit+0)
;U_hardware_init.c,41 :: 		TRISD4_bit = 1;
0x032C	0x1608      	BSF        TRISD4_bit, BitPos(TRISD4_bit+0)
;U_hardware_init.c,42 :: 		TRISD5_bit = 1;
0x032D	0x1688      	BSF        TRISD5_bit, BitPos(TRISD5_bit+0)
;U_hardware_init.c,43 :: 		TRISD6_bit = 1;
0x032E	0x1708      	BSF        TRISD6_bit, BitPos(TRISD6_bit+0)
;U_hardware_init.c,44 :: 		TRISD7_bit = 1;
0x032F	0x1788      	BSF        TRISD7_bit, BitPos(TRISD7_bit+0)
;U_hardware_init.c,45 :: 		}
L_end_U_gpioInit:
0x0330	0x0008      	RETURN
; end of _U_gpioInit
_main:
0x0331	0x3014      	MOVLW      20
0x0332	0x1283      	BCF        STATUS, 5
0x0333	0x1303      	BCF        STATUS, 6
0x0334	0x00A4      	MOVWF      _motorSpeed
0x0335	0x01A5      	CLRF       schWash_main_timerPrBuffer
0x0336	0x01A6      	CLRF       _relayState
0x0337	0x01A7      	CLRF       schWash_main_ledNum1
0x0338	0x01A8      	CLRF       40
0x0339	0x01A9      	CLRF       schWash_main_ledNum2
0x033A	0x01AA      	CLRF       42
0x033B	0x01AB      	CLRF       _motorState
;schWash_main.c,41 :: 		void main()
;schWash_main.c,44 :: 		U_gpioInit();
0x033C	0x231A      	CALL       _U_gpioInit
;schWash_main.c,45 :: 		UAPI_MOTOR_init();
0x033D	0x230A      	CALL       _UAPI_MOTOR_init
;schWash_main.c,46 :: 		InitTimer1();
0x033E	0x22DC      	CALL       _InitTimer1
;schWash_main.c,47 :: 		UAPI_MOTOR_stop();
0x033F	0x225C      	CALL       _UAPI_MOTOR_stop
;schWash_main.c,48 :: 		while (1)
L_main3:
;schWash_main.c,50 :: 		if (UAPI_buttonHanlde() == UAPI_NUT1_IS_PRESSED)
0x0340	0x2289      	CALL       _UAPI_buttonHanlde
0x0341	0x0870      	MOVF       R0, 0
0x0342	0x3A01      	XORLW      1
0x0343	0x1D03      	BTFSS      STATUS, 2
0x0344	0x2B4E      	GOTO       L_main5
;schWash_main.c,52 :: 		ledNum1 = 1;
0x0345	0x3001      	MOVLW      1
0x0346	0x00A7      	MOVWF      schWash_main_ledNum1
0x0347	0x3000      	MOVLW      0
0x0348	0x00A8      	MOVWF      schWash_main_ledNum1+1
;schWash_main.c,53 :: 		motorState = !motorState;
0x0349	0x082B      	MOVF       _motorState, 0
0x034A	0x3001      	MOVLW      1
0x034B	0x1D03      	BTFSS      STATUS, 2
0x034C	0x3000      	MOVLW      0
0x034D	0x00AB      	MOVWF      _motorState
;schWash_main.c,54 :: 		}
L_main5:
;schWash_main.c,55 :: 		if (UAPI_buttonHanlde() == UAPI_NUT2_IS_PRESSED)
0x034E	0x2289      	CALL       _UAPI_buttonHanlde
0x034F	0x0870      	MOVF       R0, 0
0x0350	0x3A02      	XORLW      2
0x0351	0x1D03      	BTFSS      STATUS, 2
0x0352	0x2B5C      	GOTO       L_main6
;schWash_main.c,57 :: 		ledNum1 = 2;
0x0353	0x3002      	MOVLW      2
0x0354	0x00A7      	MOVWF      schWash_main_ledNum1
0x0355	0x3000      	MOVLW      0
0x0356	0x00A8      	MOVWF      schWash_main_ledNum1+1
;schWash_main.c,58 :: 		relayState = !relayState;
0x0357	0x0826      	MOVF       _relayState, 0
0x0358	0x3001      	MOVLW      1
0x0359	0x1D03      	BTFSS      STATUS, 2
0x035A	0x3000      	MOVLW      0
0x035B	0x00A6      	MOVWF      _relayState
;schWash_main.c,59 :: 		}
L_main6:
;schWash_main.c,60 :: 		if (UAPI_buttonHanlde() == UAPI_NUT3_IS_PRESSED)
0x035C	0x2289      	CALL       _UAPI_buttonHanlde
0x035D	0x0870      	MOVF       R0, 0
0x035E	0x3A04      	XORLW      4
0x035F	0x1D03      	BTFSS      STATUS, 2
0x0360	0x2B67      	GOTO       L_main7
;schWash_main.c,62 :: 		ledNum1 = 3;
0x0361	0x3003      	MOVLW      3
0x0362	0x00A7      	MOVWF      schWash_main_ledNum1
0x0363	0x3000      	MOVLW      0
0x0364	0x00A8      	MOVWF      schWash_main_ledNum1+1
;schWash_main.c,63 :: 		motorSpeed = motorSpeed + 10;
0x0365	0x300A      	MOVLW      10
0x0366	0x07A4      	ADDWF      _motorSpeed, 1
;schWash_main.c,64 :: 		}
L_main7:
;schWash_main.c,65 :: 		if (UAPI_buttonHanlde() == UAPI_NUT4_IS_PRESSED)
0x0367	0x2289      	CALL       _UAPI_buttonHanlde
0x0368	0x0870      	MOVF       R0, 0
0x0369	0x3A08      	XORLW      8
0x036A	0x1D03      	BTFSS      STATUS, 2
0x036B	0x2B72      	GOTO       L_main8
;schWash_main.c,67 :: 		ledNum1 = 4;
0x036C	0x3004      	MOVLW      4
0x036D	0x00A7      	MOVWF      schWash_main_ledNum1
0x036E	0x3000      	MOVLW      0
0x036F	0x00A8      	MOVWF      schWash_main_ledNum1+1
;schWash_main.c,68 :: 		motorSpeed = motorSpeed - 10;
0x0370	0x300A      	MOVLW      10
0x0371	0x02A4      	SUBWF      _motorSpeed, 1
;schWash_main.c,69 :: 		}
L_main8:
;schWash_main.c,71 :: 		if (motorState)
0x0372	0x082B      	MOVF       _motorState, 0
0x0373	0x1903      	BTFSC      STATUS, 2
0x0374	0x2B77      	GOTO       L_main9
;schWash_main.c,73 :: 		UAPI_MOTOR_start();
0x0375	0x2306      	CALL       _UAPI_MOTOR_start
;schWash_main.c,74 :: 		}
0x0376	0x2B78      	GOTO       L_main10
L_main9:
;schWash_main.c,77 :: 		UAPI_MOTOR_stop();
0x0377	0x225C      	CALL       _UAPI_MOTOR_stop
;schWash_main.c,78 :: 		}
L_main10:
;schWash_main.c,80 :: 		if (relayState)
0x0378	0x1283      	BCF        STATUS, 5
0x0379	0x0826      	MOVF       _relayState, 0
0x037A	0x1903      	BTFSC      STATUS, 2
0x037B	0x2B7E      	GOTO       L_main11
;schWash_main.c,82 :: 		SET_BIT(U_RELAY_MCLR_PORT, U_RELAY_PIN);
0x037C	0x1409      	BSF        PORTE, 0
;schWash_main.c,83 :: 		}
0x037D	0x2B80      	GOTO       L_main12
L_main11:
;schWash_main.c,86 :: 		CLEAR_BIT(U_RELAY_MCLR_PORT, U_RELAY_PIN);
0x037E	0x30FE      	MOVLW      254
0x037F	0x0589      	ANDWF      PORTE, 1
;schWash_main.c,87 :: 		}
L_main12:
;schWash_main.c,89 :: 		UAPI_MOTOR_setSpeed(motorSpeed, &timerPrBuffer);
0x0380	0x0824      	MOVF       _motorSpeed, 0
0x0381	0x00B4      	MOVWF      FARG_UAPI_MOTOR_setSpeed_speed
0x0382	0x3025      	MOVLW      schWash_main_timerPrBuffer
0x0383	0x00B5      	MOVWF      FARG_UAPI_MOTOR_setSpeed_buffer
0x0384	0x22EA      	CALL       _UAPI_MOTOR_setSpeed
;schWash_main.c,90 :: 		ledNum2 = motorSpeed;
0x0385	0x0824      	MOVF       _motorSpeed, 0
0x0386	0x00A9      	MOVWF      schWash_main_ledNum2
0x0387	0x01AA      	CLRF       schWash_main_ledNum2+1
;schWash_main.c,91 :: 		seg7Print(ledNum1, ledNum2);
0x0388	0x0827      	MOVF       schWash_main_ledNum1, 0
0x0389	0x00BB      	MOVWF      FARG_seg7Print_num1
0x038A	0x0828      	MOVF       schWash_main_ledNum1+1, 0
0x038B	0x00BC      	MOVWF      FARG_seg7Print_num1+1
0x038C	0x0829      	MOVF       schWash_main_ledNum2, 0
0x038D	0x00BD      	MOVWF      FARG_seg7Print_num2
0x038E	0x082A      	MOVF       schWash_main_ledNum2+1, 0
0x038F	0x00BE      	MOVWF      FARG_seg7Print_num2+1
0x0390	0x2197      	CALL       _seg7Print
;schWash_main.c,92 :: 		}
0x0391	0x2B40      	GOTO       L_main3
;schWash_main.c,93 :: 		}
L_end_main:
0x0392	0x2B92      	GOTO       $+0
; end of _main
;UHAL_74HC595.c,3 :: _seg7DeCode
0x0393	0x343F ;_seg7DeCode+0
0x0394	0x3406 ;_seg7DeCode+1
0x0395	0x345B ;_seg7DeCode+2
0x0396	0x344F ;_seg7DeCode+3
0x0397	0x3466 ;_seg7DeCode+4
0x0398	0x346D ;_seg7DeCode+5
0x0399	0x347D ;_seg7DeCode+6
0x039A	0x3407 ;_seg7DeCode+7
0x039B	0x347F ;_seg7DeCode+8
0x039C	0x346F ;_seg7DeCode+9
; end of _seg7DeCode
Symbol List:
//** Routines locations **
//ADDRESS    SIZE    PROCEDURE
//----------------------------------------------
0x0004     [112]    _Interrupt
0x0074      [55]    _Mul_32x32_U
0x00AB       [8]    UHAL_74HC595_latchGenerating
0x00B3      [76]    UHAL_74HC595_reverseByte
0x00FF       [8]    UHAL_74HC595_clockGenerating
0x0107      [74]    UHAL_74HC595_seg7Write
0x0151       [7]    _____DoICP
0x0158      [29]    _Div_16X16_U
0x0175      [34]    _seg7WriteNum
0x0197     [197]    _seg7Print
0x025C       [4]    _UAPI_MOTOR_stop
0x0260      [16]    _UHAL_timer2Init
0x0270       [6]    _InitExternalInterrupt
0x0276       [7]    UAPI_motor_UHAL_TIMER2_updatePrValue
0x027D      [12]    _ledDisplayHandler
0x0289      [83]    _UAPI_buttonHanlde
0x02DC      [14]    _InitTimer1
0x02EA      [28]    _UAPI_MOTOR_setSpeed
0x0306       [4]    _UAPI_MOTOR_start
0x030A       [4]    _UAPI_MOTOR_init
0x030E      [12]    ___CC2DW
0x031A      [23]    _U_gpioInit
0x0331      [98]    _main
//** Variables locations ** 
//ADDRESS    SIZE    VARIABLE
//----------------------------------------------
0x0000       [1]    INDF
0x0002       [1]    PCL
0x0003       [1]    STATUS
0x0004       [1]    FSR
0x0005       [1]    PORTA
0x0007       [1]    PORTC
0x0008       [1]    PORTD
0x0009       [1]    PORTE
0x000A       [1]    PCLATH
0x000B       [1]    INTCON
0x000C       [0]    TMR2IF_bit
0x000C       [1]    PIR1
0x000C       [0]    TMR1IF_bit
0x000E       [1]    TMR1L
0x000F       [1]    TMR1H
0x0010       [1]    T1CON
0x0012       [1]    T2CON
0x0024       [1]    _motorSpeed
0x0025       [1]    schWash_main_timerPrBuffer
0x0026       [1]    _relayState
0x0027       [2]    schWash_main_ledNum1
0x0029       [2]    schWash_main_ledNum2
0x002B       [1]    _motorState
0x002C       [2]    ___DoICPAddr
0x002E       [4]    _PF_systemTick
0x0032       [1]    ___savePCLATH
0x0033       [1]    ___saveSTATUS
0x0034       [1]    UAPI_buttonHanlde_buttonTemp_L0
0x0034       [1]    FARG_UAPI_MOTOR_setSpeed_speed
0x0035       [4]    UAPI_buttonHanlde_time_L0
0x0035       [1]    FARG_UAPI_MOTOR_setSpeed_buffer
0x0036       [1]    ?FLOC___UAPI_MOTOR_setSpeedT9
0x0037       [1]    ?FLOC___UAPI_MOTOR_setSpeedT11
0x0039       [1]    FARG_UAPI_motor_UHAL_TIMER2_updatePrValue_val
0x003A       [1]    FARG_UAPI_motor_UHAL_TIMER2_updatePrValue_buffer
0x003B       [2]    FARG_seg7Print_num1
0x003D       [2]    FARG_seg7Print_num2
0x003F       [3]    seg7Print_digitSeg_1_L0
0x0042       [3]    seg7Print_digitSeg_2_L0
0x0045       [4]    FLOC__seg7Print
0x0049       [1]    FARG_seg7WriteNum_num1
0x004A       [1]    FARG_seg7WriteNum_num2
0x004B       [1]    FARG_UHAL_74HC595_seg7Write_seg1
0x004C       [1]    FARG_UHAL_74HC595_seg7Write_seg2
0x004D       [1]    UHAL_74HC595_seg7Write_for_index_L0
0x004E       [2]    UHAL_74HC595_seg7Write_temp_L0
0x0050       [1]    FARG_UHAL_74HC595_reverseByte_agr
0x0051       [4]    FLOC_UHAL_74HC595_reverseByte
0x0070       [1]    R0
0x0071       [1]    R1
0x0072       [1]    R2
0x0073       [1]    R3
0x0074       [1]    R4
0x0075       [1]    R5
0x0076       [1]    R6
0x0077       [1]    R7
0x0078       [1]    R8
0x0079       [1]    R9
0x007A       [1]    R10
0x007B       [1]    R11
0x007C       [1]    R12
0x007D       [1]    R13
0x007E       [1]    R14
0x007F       [1]    R15
0x0081       [1]    OPTION_REG
0x0085       [0]    TRISA3_bit
0x0086       [0]    TRISB1_bit
0x0087       [1]    TRISC
0x0088       [0]    TRISD4_bit
0x0088       [0]    TRISD5_bit
0x0088       [0]    TRISD7_bit
0x0088       [0]    TRISD6_bit
0x0089       [0]    TRISE0_bit
0x008C       [1]    PIE1
0x008C       [0]    TMR2IE_bit
0x008C       [0]    TMR1IE_bit
0x0092       [1]    PR2
0x0107       [0]    C1ON_bit
0x0108       [0]    C2ON_bit
0x0188       [1]    ANSEL
0x0189       [1]    ANSELH
//** Constants locations ** 
//ADDRESS    SIZE    CONSTANT
//----------------------------------------------
0x0393      [10]    _seg7DeCode
